{"uuid":"ce36f544-e03a-48d8-abe8-685a809c96e9","name":"Scenario: Totall Order Count in Profile page","children":["cfa84695-b618-46d8-9e83-1dcee1354edb"],"befores":[{"name":"step_definations.Hooks.setup()","status":"broken","statusDetails":{"known":false,"muted":false,"flaky":false,"message":"BEFORE is failed: Cannot find firefox binary in PATH. Make sure firefox is installed. OS appears to be: XP\nBuild info: version: '3.141.59', revision: 'e82be7d358', time: '2018-11-14T08:17:03'\nSystem info: host: 'TAREK', ip: '192.168.129.130', os.name: 'Windows 11', os.arch: 'amd64', os.version: '10.0', java.version: '21.0.5'\nDriver info: driver.version: FirefoxDriver","trace":"org.openqa.selenium.WebDriverException: Cannot find firefox binary in PATH. Make sure firefox is installed. OS appears to be: XP\nBuild info: version: '3.141.59', revision: 'e82be7d358', time: '2018-11-14T08:17:03'\nSystem info: host: 'TAREK', ip: '192.168.129.130', os.name: 'Windows 11', os.arch: 'amd64', os.version: '10.0', java.version: '21.0.5'\nDriver info: driver.version: FirefoxDriver\r\n\tat org.openqa.selenium.firefox.FirefoxBinary.<init>(FirefoxBinary.java:100)\r\n\tat java.base/java.util.Optional.orElseGet(Optional.java:364)\r\n\tat org.openqa.selenium.firefox.FirefoxOptions.getBinary(FirefoxOptions.java:216)\r\n\tat org.openqa.selenium.firefox.FirefoxDriver.toExecutor(FirefoxDriver.java:187)\r\n\tat org.openqa.selenium.firefox.FirefoxDriver.<init>(FirefoxDriver.java:147)\r\n\tat step_definations.Hooks.setup(Hooks.java:54)\r\n"},"stage":"finished","steps":[],"attachments":[],"parameters":[],"start":1747338567274,"stop":1747338568717}],"afters":[{"name":"step_definations.Hooks.teardown()","status":"broken","statusDetails":{"known":false,"muted":false,"flaky":false,"message":"AFTER is failed: Cannot invoke \"org.openqa.selenium.WebDriver.quit()\" because \"step_definations.Hooks.driver\" is null","trace":"java.lang.NullPointerException: Cannot invoke \"org.openqa.selenium.WebDriver.quit()\" because \"step_definations.Hooks.driver\" is null\r\n\tat step_definations.Hooks.teardown(Hooks.java:80)\r\n"},"stage":"finished","steps":[],"attachments":[],"parameters":[],"start":1747338568729,"stop":1747338568730}],"start":1747338567264,"stop":1747338568739}