{"uuid":"fc56b9fc-d764-4797-9631-96398c967055","historyId":"dc2b564d8d2744e22fcf6a632b9a4eb5","fullName":"Customer Order Successfully: Customer Order Page","labels":[{"name":"tag","value":"Sanity"},{"name":"tag","value":"CustomerOrder"},{"name":"host","value":"TareK"},{"name":"thread","value":"13744@TareK.main(1)"},{"name":"feature","value":"Customer Order Successfully"},{"name":"story","value":"Customer Order Page"},{"name":"suite","value":"Customer Order Successfully"},{"name":"testClass","value":"Customer Order Page"},{"name":"framework","value":"cucumber5jvm"},{"name":"language","value":"java"},{"name":"gherkin_uri","value":"file:///C:/Users/tarik/eclipse-workspace/Complete_Pom_Daily_Selenium/src/test/resources/features/Feature_Customer_Order.feature"},{"name":"package","value":"src.test.resources.features.Feature_Customer_Order_feature.Customer Order Successfully"}],"links":[],"name":"Customer Order Page","status":"broken","statusDetails":{"known":false,"muted":false,"flaky":false,"message":"element click intercepted: Element <button class=\"order-now-btn\" tabindex=\"0\">...</button> is not clickable at point (1306, 663). Other element would receive the click: <i class=\"ti ti-pointer\"></i>\n  (Session info: chrome=136.0.7103.93)\nBuild info: version: '3.141.59', revision: 'e82be7d358', time: '2018-11-14T08:17:03'\nSystem info: host: 'TAREK', ip: '192.168.129.130', os.name: 'Windows 11', os.arch: 'amd64', os.version: '10.0', java.version: '21.0.5'\nDriver info: org.openqa.selenium.chrome.ChromeDriver\nCapabilities {acceptInsecureCerts: false, browserName: chrome, browserVersion: 136.0.7103.93, chrome: {chromedriverVersion: 136.0.7103.94 (fa0be0b33deb..., userDataDir: C:\\Users\\tarik\\AppData\\Loca...}, fedcm:accounts: true, goog:chromeOptions: {debuggerAddress: localhost:61868}, javascriptEnabled: true, networkConnectionEnabled: false, pageLoadStrategy: normal, platform: WINDOWS, platformName: WINDOWS, proxy: Proxy(), setWindowRect: true, strictFileInteractability: false, timeouts: {implicit: 0, pageLoad: 300000, script: 30000}, unhandledPromptBehavior: dismiss and notify, webauthn:extension:credBlob: true, webauthn:extension:largeBlob: true, webauthn:extension:minPinLength: true, webauthn:extension:prf: true, webauthn:virtualAuthenticators: true}\nSession ID: ad0d7b1ef0552e1ae91dfffec1a20a42","trace":"org.openqa.selenium.ElementClickInterceptedException: element click intercepted: Element <button class=\"order-now-btn\" tabindex=\"0\">...</button> is not clickable at point (1306, 663). Other element would receive the click: <i class=\"ti ti-pointer\"></i>\n  (Session info: chrome=136.0.7103.93)\nBuild info: version: '3.141.59', revision: 'e82be7d358', time: '2018-11-14T08:17:03'\nSystem info: host: 'TAREK', ip: '192.168.129.130', os.name: 'Windows 11', os.arch: 'amd64', os.version: '10.0', java.version: '21.0.5'\nDriver info: org.openqa.selenium.chrome.ChromeDriver\nCapabilities {acceptInsecureCerts: false, browserName: chrome, browserVersion: 136.0.7103.93, chrome: {chromedriverVersion: 136.0.7103.94 (fa0be0b33deb..., userDataDir: C:\\Users\\tarik\\AppData\\Loca...}, fedcm:accounts: true, goog:chromeOptions: {debuggerAddress: localhost:61868}, javascriptEnabled: true, networkConnectionEnabled: false, pageLoadStrategy: normal, platform: WINDOWS, platformName: WINDOWS, proxy: Proxy(), setWindowRect: true, strictFileInteractability: false, timeouts: {implicit: 0, pageLoad: 300000, script: 30000}, unhandledPromptBehavior: dismiss and notify, webauthn:extension:credBlob: true, webauthn:extension:largeBlob: true, webauthn:extension:minPinLength: true, webauthn:extension:prf: true, webauthn:virtualAuthenticators: true}\nSession ID: ad0d7b1ef0552e1ae91dfffec1a20a42\r\n\tat java.base/jdk.internal.reflect.DirectConstructorHandleAccessor.newInstance(DirectConstructorHandleAccessor.java:62)\r\n\tat java.base/java.lang.reflect.Constructor.newInstanceWithCaller(Constructor.java:502)\r\n\tat java.base/java.lang.reflect.Constructor.newInstance(Constructor.java:486)\r\n\tat org.openqa.selenium.remote.http.W3CHttpResponseCodec.createException(W3CHttpResponseCodec.java:187)\r\n\tat org.openqa.selenium.remote.http.W3CHttpResponseCodec.decode(W3CHttpResponseCodec.java:122)\r\n\tat org.openqa.selenium.remote.http.W3CHttpResponseCodec.decode(W3CHttpResponseCodec.java:49)\r\n\tat org.openqa.selenium.remote.HttpCommandExecutor.execute(HttpCommandExecutor.java:158)\r\n\tat org.openqa.selenium.remote.service.DriverCommandExecutor.execute(DriverCommandExecutor.java:83)\r\n\tat org.openqa.selenium.remote.RemoteWebDriver.execute(RemoteWebDriver.java:552)\r\n\tat org.openqa.selenium.remote.RemoteWebElement.execute(RemoteWebElement.java:285)\r\n\tat org.openqa.selenium.remote.RemoteWebElement.click(RemoteWebElement.java:84)\r\n\tat base.Base.click(Base.java:32)\r\n\tat step_definations.Customer_Order.the_customer_has_added_products_to_the_cart(Customer_Order.java:23)\r\n\tat ✽.the customer has added products to the cart(file:///C:/Users/tarik/eclipse-workspace/Complete_Pom_Daily_Selenium/src/test/resources/features/Feature_Customer_Order.feature:12)\r\n"},"stage":"finished","description":"  As a registered customer\n  I want to place orders for products\n  So that I can receive items I want to purchase ","steps":[{"name":"Given  I am In the home page as a Customer","status":"passed","statusDetails":{"known":false,"muted":false,"flaky":false},"stage":"finished","steps":[],"attachments":[{"name":"Data table","source":"6a9a03b9-abe7-4254-bf18-19272c20f7a1-attachment.csv","type":"text/tab-separated-values"}],"parameters":[],"start":1747352211401,"stop":1747352215810},{"name":"And  the customer has added products to the cart","status":"broken","statusDetails":{"known":false,"muted":false,"flaky":false,"message":"element click intercepted: Element <button class=\"order-now-btn\" tabindex=\"0\">...</button> is not clickable at point (1306, 663). Other element would receive the click: <i class=\"ti ti-pointer\"></i>\n  (Session info: chrome=136.0.7103.93)\nBuild info: version: '3.141.59', revision: 'e82be7d358', time: '2018-11-14T08:17:03'\nSystem info: host: 'TAREK', ip: '192.168.129.130', os.name: 'Windows 11', os.arch: 'amd64', os.version: '10.0', java.version: '21.0.5'\nDriver info: org.openqa.selenium.chrome.ChromeDriver\nCapabilities {acceptInsecureCerts: false, browserName: chrome, browserVersion: 136.0.7103.93, chrome: {chromedriverVersion: 136.0.7103.94 (fa0be0b33deb..., userDataDir: C:\\Users\\tarik\\AppData\\Loca...}, fedcm:accounts: true, goog:chromeOptions: {debuggerAddress: localhost:61868}, javascriptEnabled: true, networkConnectionEnabled: false, pageLoadStrategy: normal, platform: WINDOWS, platformName: WINDOWS, proxy: Proxy(), setWindowRect: true, strictFileInteractability: false, timeouts: {implicit: 0, pageLoad: 300000, script: 30000}, unhandledPromptBehavior: dismiss and notify, webauthn:extension:credBlob: true, webauthn:extension:largeBlob: true, webauthn:extension:minPinLength: true, webauthn:extension:prf: true, webauthn:virtualAuthenticators: true}\nSession ID: ad0d7b1ef0552e1ae91dfffec1a20a42","trace":"org.openqa.selenium.ElementClickInterceptedException: element click intercepted: Element <button class=\"order-now-btn\" tabindex=\"0\">...</button> is not clickable at point (1306, 663). Other element would receive the click: <i class=\"ti ti-pointer\"></i>\n  (Session info: chrome=136.0.7103.93)\nBuild info: version: '3.141.59', revision: 'e82be7d358', time: '2018-11-14T08:17:03'\nSystem info: host: 'TAREK', ip: '192.168.129.130', os.name: 'Windows 11', os.arch: 'amd64', os.version: '10.0', java.version: '21.0.5'\nDriver info: org.openqa.selenium.chrome.ChromeDriver\nCapabilities {acceptInsecureCerts: false, browserName: chrome, browserVersion: 136.0.7103.93, chrome: {chromedriverVersion: 136.0.7103.94 (fa0be0b33deb..., userDataDir: C:\\Users\\tarik\\AppData\\Loca...}, fedcm:accounts: true, goog:chromeOptions: {debuggerAddress: localhost:61868}, javascriptEnabled: true, networkConnectionEnabled: false, pageLoadStrategy: normal, platform: WINDOWS, platformName: WINDOWS, proxy: Proxy(), setWindowRect: true, strictFileInteractability: false, timeouts: {implicit: 0, pageLoad: 300000, script: 30000}, unhandledPromptBehavior: dismiss and notify, webauthn:extension:credBlob: true, webauthn:extension:largeBlob: true, webauthn:extension:minPinLength: true, webauthn:extension:prf: true, webauthn:virtualAuthenticators: true}\nSession ID: ad0d7b1ef0552e1ae91dfffec1a20a42\r\n\tat java.base/jdk.internal.reflect.DirectConstructorHandleAccessor.newInstance(DirectConstructorHandleAccessor.java:62)\r\n\tat java.base/java.lang.reflect.Constructor.newInstanceWithCaller(Constructor.java:502)\r\n\tat java.base/java.lang.reflect.Constructor.newInstance(Constructor.java:486)\r\n\tat org.openqa.selenium.remote.http.W3CHttpResponseCodec.createException(W3CHttpResponseCodec.java:187)\r\n\tat org.openqa.selenium.remote.http.W3CHttpResponseCodec.decode(W3CHttpResponseCodec.java:122)\r\n\tat org.openqa.selenium.remote.http.W3CHttpResponseCodec.decode(W3CHttpResponseCodec.java:49)\r\n\tat org.openqa.selenium.remote.HttpCommandExecutor.execute(HttpCommandExecutor.java:158)\r\n\tat org.openqa.selenium.remote.service.DriverCommandExecutor.execute(DriverCommandExecutor.java:83)\r\n\tat org.openqa.selenium.remote.RemoteWebDriver.execute(RemoteWebDriver.java:552)\r\n\tat org.openqa.selenium.remote.RemoteWebElement.execute(RemoteWebElement.java:285)\r\n\tat org.openqa.selenium.remote.RemoteWebElement.click(RemoteWebElement.java:84)\r\n\tat base.Base.click(Base.java:32)\r\n\tat step_definations.Customer_Order.the_customer_has_added_products_to_the_cart(Customer_Order.java:23)\r\n\tat ✽.the customer has added products to the cart(file:///C:/Users/tarik/eclipse-workspace/Complete_Pom_Daily_Selenium/src/test/resources/features/Feature_Customer_Order.feature:12)\r\n"},"stage":"finished","steps":[],"attachments":[],"parameters":[],"start":1747352215810,"stop":1747352219321},{"name":"Then  the customer put it her name in the name field","status":"skipped","statusDetails":{"known":false,"muted":false,"flaky":false},"stage":"finished","steps":[],"attachments":[],"parameters":[],"start":1747352219321,"stop":1747352219326},{"name":"Then  the customer put it her Phone number in Phone number field","status":"skipped","statusDetails":{"known":false,"muted":false,"flaky":false},"stage":"finished","steps":[],"attachments":[],"parameters":[],"start":1747352219332,"stop":1747352219339},{"name":"Then  the customer put it her address in the address  field","status":"skipped","statusDetails":{"known":false,"muted":false,"flaky":false},"stage":"finished","steps":[],"attachments":[],"parameters":[],"start":1747352219339,"stop":1747352219340},{"name":"Then  the customer click the shipping method","status":"skipped","statusDetails":{"known":false,"muted":false,"flaky":false},"stage":"finished","steps":[],"attachments":[],"parameters":[],"start":1747352219340,"stop":1747352219340},{"name":"And  the customer complete the order click submit button","status":"skipped","statusDetails":{"known":false,"muted":false,"flaky":false},"stage":"finished","steps":[],"attachments":[],"parameters":[],"start":1747352219340,"stop":1747352219340},{"name":"Then  Verify the order Complete By assertion method","status":"skipped","statusDetails":{"known":false,"muted":false,"flaky":false},"stage":"finished","steps":[],"attachments":[],"parameters":[],"start":1747352219342,"stop":1747352219342}],"attachments":[],"parameters":[],"start":1747352210708,"stop":1747352219531}